\BOOKMARK [0][-]{part.1}{I\040Analysis}{}% 1
\BOOKMARK [1][-]{section.1}{Background}{part.1}% 2
\BOOKMARK [2][-]{subsection.1.1}{About\040the\040Business}{section.1}% 3
\BOOKMARK [2][-]{subsection.1.2}{About\040the\040Project}{section.1}% 4
\BOOKMARK [1][-]{section.2}{Investigation\040of\040the\040Current\040System}{part.1}% 5
\BOOKMARK [2][-]{subsection.2.1}{Overview\040of\040System}{section.2}% 6
\BOOKMARK [2][-]{subsection.2.2}{Interviews}{section.2}% 7
\BOOKMARK [2][-]{subsection.2.3}{Questionnaires}{section.2}% 8
\BOOKMARK [2][-]{subsection.2.4}{Observations}{section.2}% 9
\BOOKMARK [2][-]{subsection.2.5}{Document\040Inspections}{section.2}% 10
\BOOKMARK [2][-]{subsection.2.6}{Similar\040Systems}{section.2}% 11
\BOOKMARK [3][-]{subsubsection.2.6.1}{Quiz\040Creation\040Websites}{subsection.2.6}% 12
\BOOKMARK [3][-]{subsubsection.2.6.2}{Quiz\040Creation\040Software\040Packages}{subsection.2.6}% 13
\BOOKMARK [3][-]{subsubsection.2.6.3}{Quizdom}{subsection.2.6}% 14
\BOOKMARK [2][-]{subsection.2.7}{Justification\040of\040Methods}{section.2}% 15
\BOOKMARK [2][-]{subsection.2.8}{IPSO\040Chart}{section.2}% 16
\BOOKMARK [2][-]{subsection.2.9}{Limitations\040of\040Current\040System}{section.2}% 17
\BOOKMARK [1][-]{section.3}{Problem\040Definition}{part.1}% 18
\BOOKMARK [2][-]{subsection.3.1}{Broad\040Aims}{section.3}% 19
\BOOKMARK [2][-]{subsection.3.2}{Possible\040Limitations}{section.3}% 20
\BOOKMARK [1][-]{section.4}{Objectives}{part.1}% 21
